Sat Apr 12 10:32:31 AM EDT 2025
got 0
got 0
got 0
got 0
got 0
got 0
got 0
got 0
got 0
got 0
got 0
got 0
got 0
got 0
got 0
got 0
got 0
got 0
got 0
got 0
got 0
got 0
got 0
got 0
got 0
got 0
got 0
got 0
got 0
got 0
pid 0 sending nate.lally@gmail.com uuid f0b29f99-df5a-4fbe-a3f6-de828948ba6f

status: $VAR1 = \bless( {
                   'message' => 'Great success
'
                 }, 'Email::Sender::Success__WITH__Email::Sender::Role::HasMessage' );
got 0
pid 0 sending nate.lally@gmail.com uuid f0b29f99-df5a-4fbe-a3f6-de828948ba6f

status: $VAR1 = \bless( {
                   'message' => 'Great success
'
                 }, 'Email::Sender::Success__WITH__Email::Sender::Role::HasMessage' );
pid 0 sending nate.lally@gmail.com uuid f0b29f99-df5a-4fbe-a3f6-de828948ba6f

status: $VAR1 = \bless( {
                   'message' => 'Great success
'
                 }, 'Email::Sender::Success__WITH__Email::Sender::Role::HasMessage' );
pid 0 sending nate.lally@gmail.com uuid f0b29f99-df5a-4fbe-a3f6-de828948ba6f

status: $VAR1 = \bless( {
                   'message' => 'Great success
'
                 }, 'Email::Sender::Success__WITH__Email::Sender::Role::HasMessage' );
pid 0 sending nate.lally@gmail.com uuid f0b29f99-df5a-4fbe-a3f6-de828948ba6f

status: $VAR1 = \bless( {
                   'message' => 'Great success
'
                 }, 'Email::Sender::Success__WITH__Email::Sender::Role::HasMessage' );
pid 0 sending nate.lally@gmail.com uuid f0b29f99-df5a-4fbe-a3f6-de828948ba6f

status: $VAR1 = \bless( {
                   'message' => 'Great success
'
                 }, 'Email::Sender::Success__WITH__Email::Sender::Role::HasMessage' );
pid 0 sending nate.lally@gmail.com uuid f0b29f99-df5a-4fbe-a3f6-de828948ba6f

status: $VAR1 = \bless( {
                   'message' => 'Great success
'
                 }, 'Email::Sender::Success__WITH__Email::Sender::Role::HasMessage' );
pid 0 sending nate.lally@gmail.com uuid f0b29f99-df5a-4fbe-a3f6-de828948ba6f

status: $VAR1 = \bless( {
                   'message' => 'Great success
'
                 }, 'Email::Sender::Success__WITH__Email::Sender::Role::HasMessage' );
pid 0 sending nate.lally@gmail.com uuid f0b29f99-df5a-4fbe-a3f6-de828948ba6f

status: $VAR1 = \bless( {
                   'message' => 'Great success
'
                 }, 'Email::Sender::Success__WITH__Email::Sender::Role::HasMessage' );
pid 0 sending nate.lally@gmail.com uuid f0b29f99-df5a-4fbe-a3f6-de828948ba6f

status: $VAR1 = \bless( {
                   'message' => 'Great success
'
                 }, 'Email::Sender::Success__WITH__Email::Sender::Role::HasMessage' );
pid 0 sending nate.lally@gmail.com uuid f0b29f99-df5a-4fbe-a3f6-de828948ba6f

status: $VAR1 = \bless( {
                   'message' => 'Great success
'
                 }, 'Email::Sender::Success__WITH__Email::Sender::Role::HasMessage' );
pid 0 sending nate.lally@gmail.com uuid f0b29f99-df5a-4fbe-a3f6-de828948ba6f

status: $VAR1 = \bless( {
                   'message' => 'Great success
'
                 }, 'Email::Sender::Success__WITH__Email::Sender::Role::HasMessage' );
pid 0 sending nate.lally@gmail.com uuid f0b29f99-df5a-4fbe-a3f6-de828948ba6f

status: $VAR1 = \bless( {
                   'message' => 'Great success
'
                 }, 'Email::Sender::Success__WITH__Email::Sender::Role::HasMessage' );
pid 0 sending nate.lally@gmail.com uuid f0b29f99-df5a-4fbe-a3f6-de828948ba6f

status: $VAR1 = \bless( {
                   'message' => 'Great success
'
                 }, 'Email::Sender::Success__WITH__Email::Sender::Role::HasMessage' );
pid 0 sending nate.lally@gmail.com uuid f0b29f99-df5a-4fbe-a3f6-de828948ba6f

status: $VAR1 = \bless( {
                   'message' => 'Great success
'
                 }, 'Email::Sender::Success__WITH__Email::Sender::Role::HasMessage' );
pid 0 sending nate.lally@gmail.com uuid f0b29f99-df5a-4fbe-a3f6-de828948ba6f

status: $VAR1 = \bless( {
                   'message' => 'Great success
'
                 }, 'Email::Sender::Success__WITH__Email::Sender::Role::HasMessage' );
pid 0 sending nate.lally@gmail.com uuid f0b29f99-df5a-4fbe-a3f6-de828948ba6f

status: $VAR1 = \bless( {
                   'message' => 'Great success
'
                 }, 'Email::Sender::Success__WITH__Email::Sender::Role::HasMessage' );
pid 0 sending nate.lally@gmail.com uuid f0b29f99-df5a-4fbe-a3f6-de828948ba6f

status: $VAR1 = \bless( {
                   'message' => 'Great success
'
                 }, 'Email::Sender::Success__WITH__Email::Sender::Role::HasMessage' );
pid 0 sending nate.lally@gmail.com uuid f0b29f99-df5a-4fbe-a3f6-de828948ba6f

status: $VAR1 = \bless( {
                   'message' => 'Great success
'
                 }, 'Email::Sender::Success__WITH__Email::Sender::Role::HasMessage' );
pid 0 sending nate.lally@gmail.com uuid f0b29f99-df5a-4fbe-a3f6-de828948ba6f

status: $VAR1 = \bless( {
                   'message' => 'Great success
'
                 }, 'Email::Sender::Success__WITH__Email::Sender::Role::HasMessage' );
pid 0 sending nate.lally@gmail.com uuid f0b29f99-df5a-4fbe-a3f6-de828948ba6f

status: $VAR1 = \bless( {
                   'message' => 'Great success
'
                 }, 'Email::Sender::Success__WITH__Email::Sender::Role::HasMessage' );
pid 0 sending nate.lally@gmail.com uuid f0b29f99-df5a-4fbe-a3f6-de828948ba6f

status: $VAR1 = \bless( {
                   'message' => 'Great success
'
                 }, 'Email::Sender::Success__WITH__Email::Sender::Role::HasMessage' );
pid 0 sending nate.lally@gmail.com uuid f0b29f99-df5a-4fbe-a3f6-de828948ba6f

status: $VAR1 = \bless( {
                   'message' => 'Great success
'
                 }, 'Email::Sender::Success__WITH__Email::Sender::Role::HasMessage' );
pid 0 sending nate.lally@gmail.com uuid f0b29f99-df5a-4fbe-a3f6-de828948ba6f

status: $VAR1 = \bless( {
                   'message' => 'Great success
'
                 }, 'Email::Sender::Success__WITH__Email::Sender::Role::HasMessage' );
pid 0 sending nate.lally@gmail.com uuid f0b29f99-df5a-4fbe-a3f6-de828948ba6f

status: $VAR1 = \bless( {
                   'message' => 'Great success
'
                 }, 'Email::Sender::Success__WITH__Email::Sender::Role::HasMessage' );
pid 0 sending nate.lally@gmail.com uuid f0b29f99-df5a-4fbe-a3f6-de828948ba6f

status: $VAR1 = \bless( {
                   'message' => 'Great success
'
                 }, 'Email::Sender::Success__WITH__Email::Sender::Role::HasMessage' );
pid 0 sending nate.lally@gmail.com uuid f0b29f99-df5a-4fbe-a3f6-de828948ba6f

status: $VAR1 = \bless( {
                   'message' => 'Great success
'
                 }, 'Email::Sender::Success__WITH__Email::Sender::Role::HasMessage' );
pid 0 sending nate.lally@gmail.com uuid f0b29f99-df5a-4fbe-a3f6-de828948ba6f

status: $VAR1 = \bless( {
                   'message' => 'Great success
'
                 }, 'Email::Sender::Success__WITH__Email::Sender::Role::HasMessage' );
pid 0 sending nate.lally@gmail.com uuid f0b29f99-df5a-4fbe-a3f6-de828948ba6f

status: $VAR1 = \bless( {
                   'message' => 'Great success
'
                 }, 'Email::Sender::Success__WITH__Email::Sender::Role::HasMessage' );
pid 0 sending nate.lally@gmail.com uuid f0b29f99-df5a-4fbe-a3f6-de828948ba6f

status: $VAR1 = \bless( {
                   'message' => 'Great success
'
                 }, 'Email::Sender::Success__WITH__Email::Sender::Role::HasMessage' );
pid 0 sending nate.lally@gmail.com uuid f0b29f99-df5a-4fbe-a3f6-de828948ba6f


***No status!

got -1
